Log file open, 03/22/17 11:05:06
LogInit:Display: Running engine for game: BatteryCollector
LogPlatformFile: Not using cached read wrapper
LogInit:Display: RandInit(123120362) SRandInit(123120362).
LogTaskGraph: Started task graph with 5 named threads and 8 total threads with 1 sets of task threads.
LogStats: Stats thread started at 0.206989
LogPluginManager: Loaded Plugin Paper2D, From E:/Epic Games/4.14/Engine/Plugins/2D/Paper2D/Paper2D.uplugin
LogPluginManager: Loaded Plugin LightPropagationVolume, From E:/Epic Games/4.14/Engine/Plugins/Blendables/LightPropagationVolume/LightPropagationVolume.uplugin
LogPluginManager: Loaded Plugin BlankPlugin, From E:/Epic Games/4.14/Engine/Plugins/Developer/BlankPlugin/BlankPlugin.uplugin
LogPluginManager: Loaded Plugin CodeLiteSourceCodeAccess, From E:/Epic Games/4.14/Engine/Plugins/Developer/CodeLiteSourceCodeAccess/CodeLiteSourceCodeAccess.uplugin
LogPluginManager: Loaded Plugin GitSourceControl, From E:/Epic Games/4.14/Engine/Plugins/Developer/GitSourceControl/GitSourceControl.uplugin
LogPluginManager: Loaded Plugin KDevelopSourceCodeAccess, From E:/Epic Games/4.14/Engine/Plugins/Developer/KDevelopSourceCodeAccess/KDevelopSourceCodeAccess.uplugin
LogPluginManager: Loaded Plugin NullSourceCodeAccess, From E:/Epic Games/4.14/Engine/Plugins/Developer/NullSourceCodeAccess/NullSourceCodeAccess.uplugin
LogPluginManager: Loaded Plugin OneSkyLocalizationService, From E:/Epic Games/4.14/Engine/Plugins/Developer/OneSkyLocalizationService/OneSkyLocalizationService.uplugin
LogPluginManager: Loaded Plugin PerforceSourceControl, From E:/Epic Games/4.14/Engine/Plugins/Developer/PerforceSourceControl/PerforceSourceControl.uplugin
LogPluginManager: Loaded Plugin SubversionSourceControl, From E:/Epic Games/4.14/Engine/Plugins/Developer/SubversionSourceControl/SubversionSourceControl.uplugin
LogPluginManager: Loaded Plugin UObjectPlugin, From E:/Epic Games/4.14/Engine/Plugins/Developer/UObjectPlugin/UObjectPlugin.uplugin
LogPluginManager: Loaded Plugin VisualStudioSourceCodeAccess, From E:/Epic Games/4.14/Engine/Plugins/Developer/VisualStudioSourceCodeAccess/VisualStudioSourceCodeAccess.uplugin
LogPluginManager: Loaded Plugin XCodeSourceCodeAccess, From E:/Epic Games/4.14/Engine/Plugins/Developer/XCodeSourceCodeAccess/XCodeSourceCodeAccess.uplugin
LogPluginManager: Loaded Plugin AudioCapture, From E:/Epic Games/4.14/Engine/Plugins/Editor/AudioCapture/AudioCapture.uplugin
LogPluginManager: Loaded Plugin EpicSurvey, From E:/Epic Games/4.14/Engine/Plugins/Editor/EpicSurvey/EpicSurvey.uplugin
LogPluginManager: Loaded Plugin MacGraphicsSwitching, From E:/Epic Games/4.14/Engine/Plugins/Editor/MacGraphicsSwitching/MacGraphicsSwitching.uplugin
LogPluginManager: Loaded Plugin MobileLauncherProfileWizard, From E:/Epic Games/4.14/Engine/Plugins/Editor/MobileLauncherProfileWizard/MobileLauncherProfileWizard.uplugin
LogPluginManager: Loaded Plugin PluginBrowser, From E:/Epic Games/4.14/Engine/Plugins/Editor/PluginBrowser/PluginBrowser.uplugin
LogPluginManager: Loaded Plugin SpeedTreeImporter, From E:/Epic Games/4.14/Engine/Plugins/Editor/SpeedTreeImporter/SpeedTreeImporter.uplugin
LogPluginManager: Loaded Plugin SuperSearchEditor, From E:/Epic Games/4.14/Engine/Plugins/Editor/SuperSearchEditor/SuperSearchEditor.uplugin
LogPluginManager: Loaded Plugin AlembicImporter, From E:/Epic Games/4.14/Engine/Plugins/Experimental/AlembicImporter/AlembicImporter.uplugin
LogPluginManager: Loaded Plugin BlueprintStats, From E:/Epic Games/4.14/Engine/Plugins/Experimental/BlueprintStats/BlueprintStats.uplugin
LogPluginManager: Loaded Plugin CharacterAI, From E:/Epic Games/4.14/Engine/Plugins/Experimental/CharacterAI/CharacterAI.uplugin
LogPluginManager: Loaded Plugin CodeEditor, From E:/Epic Games/4.14/Engine/Plugins/Experimental/CodeEditor/CodeEditor.uplugin
LogPluginManager: Loaded Plugin CodeView, From E:/Epic Games/4.14/Engine/Plugins/Experimental/CodeView/CodeView.uplugin
LogPluginManager: Loaded Plugin HTML5Networking, From E:/Epic Games/4.14/Engine/Plugins/Experimental/HTML5Networking/HTML5Networking.uplugin
LogPluginManager: Loaded Plugin OSVR, From E:/Epic Games/4.14/Engine/Plugins/Experimental/OSVR/OSVR.uplugin
LogPluginManager: Loaded Plugin Phya, From E:/Epic Games/4.14/Engine/Plugins/Experimental/Phya/Phya.uplugin
LogPluginManager: Loaded Plugin SignificanceManager, From E:/Epic Games/4.14/Engine/Plugins/Experimental/SignificanceManager/SignificanceManager.uplugin
LogPluginManager: Loaded Plugin SimpleHMD, From E:/Epic Games/4.14/Engine/Plugins/Experimental/SimpleHMD/SimpleHMD.uplugin
LogPluginManager: Loaded Plugin StereoPanorama, From E:/Epic Games/4.14/Engine/Plugins/Experimental/StereoPanorama/StereoPanorama.uplugin
LogPluginManager: Loaded Plugin StructBox, From E:/Epic Games/4.14/Engine/Plugins/Experimental/StructBox/StructBox.uplugin
LogPluginManager: Loaded Plugin Substance, From E:/Epic Games/4.14/Engine/Plugins/Marketplace/Substance/Substance.uplugin
LogPluginManager: Loaded Plugin AndroidMedia, From E:/Epic Games/4.14/Engine/Plugins/Media/AndroidMedia/AndroidMedia.uplugin
LogPluginManager: Loaded Plugin AvfMedia, From E:/Epic Games/4.14/Engine/Plugins/Media/AvfMedia/AvfMedia.uplugin
LogPluginManager: Loaded Plugin MediaPlayerEditor, From E:/Epic Games/4.14/Engine/Plugins/Media/MediaPlayerEditor/MediaPlayerEditor.uplugin
LogPluginManager: Loaded Plugin WmfMedia, From E:/Epic Games/4.14/Engine/Plugins/Media/WmfMedia/WmfMedia.uplugin
LogPluginManager: Loaded Plugin MessagingDebugger, From E:/Epic Games/4.14/Engine/Plugins/Messaging/MessagingDebugger/MessagingDebugger.uplugin
LogPluginManager: Loaded Plugin TcpMessaging, From E:/Epic Games/4.14/Engine/Plugins/Messaging/TcpMessaging/TcpMessaging.uplugin
LogPluginManager: Loaded Plugin UdpMessaging, From E:/Epic Games/4.14/Engine/Plugins/Messaging/UdpMessaging/UdpMessaging.uplugin
LogPluginManager: Loaded Plugin LevelSequenceEditor, From E:/Epic Games/4.14/Engine/Plugins/MovieScene/LevelSequenceEditor/LevelSequenceEditor.uplugin
LogPluginManager: Loaded Plugin MatineeToLevelSequence, From E:/Epic Games/4.14/Engine/Plugins/MovieScene/MatineeToLevelSequence/MatineeToLevelSequence.uplugin
LogPluginManager: Loaded Plugin NetcodeUnitTest, From E:/Epic Games/4.14/Engine/Plugins/NetcodeUnitTest/NetcodeUnitTest/NetcodeUnitTest.uplugin
LogPluginManager: Loaded Plugin NUTUnrealEngine4, From E:/Epic Games/4.14/Engine/Plugins/NetcodeUnitTest/NUTUnrealEngine4/NUTUnrealEngine4.uplugin
LogPluginManager: Loaded Plugin OnlineSubsystemGameCircle, From E:/Epic Games/4.14/Engine/Plugins/Online/Android/OnlineSubsystemGameCircle/OnlineSubsystemGameCircle.uplugin
LogPluginManager: Loaded Plugin OnlineSubsystemGooglePlay, From E:/Epic Games/4.14/Engine/Plugins/Online/Android/OnlineSubsystemGooglePlay/OnlineSubsystemGooglePlay.uplugin
LogPluginManager: Loaded Plugin OnlineSubsystemIOS, From E:/Epic Games/4.14/Engine/Plugins/Online/IOS/OnlineSubsystemIOS/OnlineSubsystemIOS.uplugin
LogPluginManager: Loaded Plugin OnlineFramework, From E:/Epic Games/4.14/Engine/Plugins/Online/OnlineFramework/OnlineFramework.uplugin
LogPluginManager: Loaded Plugin OnlineSubsystem, From E:/Epic Games/4.14/Engine/Plugins/Online/OnlineSubsystem/OnlineSubsystem.uplugin
LogPluginManager: Loaded Plugin OnlineSubsystemAmazon, From E:/Epic Games/4.14/Engine/Plugins/Online/OnlineSubsystemAmazon/OnlineSubsystemAmazon.uplugin
LogPluginManager: Loaded Plugin OnlineSubsystemFacebook, From E:/Epic Games/4.14/Engine/Plugins/Online/OnlineSubsystemFacebook/OnlineSubsystemFacebook.uplugin
LogPluginManager: Loaded Plugin OnlineSubsystemNull, From E:/Epic Games/4.14/Engine/Plugins/Online/OnlineSubsystemNull/OnlineSubsystemNull.uplugin
LogPluginManager: Loaded Plugin OnlineSubsystemOculus, From E:/Epic Games/4.14/Engine/Plugins/Online/OnlineSubsystemOculus/OnlineSubsystemOculus.uplugin
LogPluginManager: Loaded Plugin OnlineSubsystemSteam, From E:/Epic Games/4.14/Engine/Plugins/Online/OnlineSubsystemSteam/OnlineSubsystemSteam.uplugin
LogPluginManager: Loaded Plugin OnlineSubsystemUtils, From E:/Epic Games/4.14/Engine/Plugins/Online/OnlineSubsystemUtils/OnlineSubsystemUtils.uplugin
LogPluginManager: Loaded Plugin IOSTapJoy, From E:/Epic Games/4.14/Engine/Plugins/Runtime/Advertising/IOSTapJoy/IOSTapJoy.uplugin
LogPluginManager: Loaded Plugin AnalyticsBlueprintLibrary, From E:/Epic Games/4.14/Engine/Plugins/Runtime/Analytics/AnalyticsBlueprintLibrary/AnalyticsBlueprintLibrary.uplugin
LogPluginManager: Loaded Plugin AnalyticsMulticast, From E:/Epic Games/4.14/Engine/Plugins/Runtime/Analytics/AnalyticsMulticast/AnalyticsMulticast.uplugin
LogPluginManager: Loaded Plugin Apsalar, From E:/Epic Games/4.14/Engine/Plugins/Runtime/Analytics/Apsalar/Apsalar.uplugin
LogPluginManager: Loaded Plugin FileLogging, From E:/Epic Games/4.14/Engine/Plugins/Runtime/Analytics/FileLogging/FileLogging.uplugin
LogPluginManager: Loaded Plugin Flurry, From E:/Epic Games/4.14/Engine/Plugins/Runtime/Analytics/Flurry/Flurry.uplugin
LogPluginManager: Loaded Plugin AndroidDeviceProfileSelector, From E:/Epic Games/4.14/Engine/Plugins/Runtime/AndroidDeviceProfileSelector/AndroidDeviceProfileSelector.uplugin
LogPluginManager: Loaded Plugin AndroidMoviePlayer, From E:/Epic Games/4.14/Engine/Plugins/Runtime/AndroidMoviePlayer/AndroidMoviePlayer.uplugin
LogPluginManager: Loaded Plugin AppleMoviePlayer, From E:/Epic Games/4.14/Engine/Plugins/Runtime/AppleMoviePlayer/AppleMoviePlayer.uplugin
LogPluginManager: Loaded Plugin ArchVisCharacter, From E:/Epic Games/4.14/Engine/Plugins/Runtime/ArchVisCharacter/ArchVisCharacter.uplugin
LogPluginManager: Loaded Plugin CableComponent, From E:/Epic Games/4.14/Engine/Plugins/Runtime/CableComponent/CableComponent.uplugin
LogPluginManager: Loaded Plugin CustomMeshComponent, From E:/Epic Games/4.14/Engine/Plugins/Runtime/CustomMeshComponent/CustomMeshComponent.uplugin
LogPluginManager: Loaded Plugin ExampleDeviceProfileSelector, From E:/Epic Games/4.14/Engine/Plugins/Runtime/ExampleDeviceProfileSelector/ExampleDeviceProfileSelector.uplugin
LogPluginManager: Loaded Plugin GearVR, From E:/Epic Games/4.14/Engine/Plugins/Runtime/GearVR/GearVR.uplugin
LogPluginManager: Loaded Plugin GoogleVRController, From E:/Epic Games/4.14/Engine/Plugins/Runtime/GoogleVR/GoogleVRController/GoogleVRController.uplugin
LogPluginManager: Loaded Plugin GoogleVRHMD, From E:/Epic Games/4.14/Engine/Plugins/Runtime/GoogleVR/GoogleVRHMD/GoogleVRHMD.uplugin
LogPluginManager: Loaded Plugin IOSDeviceProfileSelector, From E:/Epic Games/4.14/Engine/Plugins/Runtime/IOSDeviceProfileSelector/IOSDeviceProfileSelector.uplugin
LogPluginManager: Loaded Plugin LeapMotion, From E:/Epic Games/4.14/Engine/Plugins/Runtime/LeapMotion/LeapMotion.uplugin
LogPluginManager: Loaded Plugin LinuxDeviceProfileSelector, From E:/Epic Games/4.14/Engine/Plugins/Runtime/LinuxDeviceProfileSelector/LinuxDeviceProfileSelector.uplugin
LogPluginManager: Loaded Plugin MIDIDevice, From E:/Epic Games/4.14/Engine/Plugins/Runtime/MIDIDevice/MIDIDevice.uplugin
LogPluginManager: Loaded Plugin MobilePatchingUtils, From E:/Epic Games/4.14/Engine/Plugins/Runtime/MobilePatchingUtils/MobilePatchingUtils.uplugin
LogPluginManager: Loaded Plugin Ansel, From E:/Epic Games/4.14/Engine/Plugins/Runtime/Nvidia/Ansel/Ansel.uplugin
LogPluginManager: Loaded Plugin OculusAudio, From E:/Epic Games/4.14/Engine/Plugins/Runtime/OculusAudio/OculusAudio.uplugin
LogPluginManager: Loaded Plugin OculusInput, From E:/Epic Games/4.14/Engine/Plugins/Runtime/OculusInput/OculusInput.uplugin
LogPluginManager: Loaded Plugin OculusLibrary, From E:/Epic Games/4.14/Engine/Plugins/Runtime/OculusLibrary/OculusLibrary.uplugin
LogPluginManager: Loaded Plugin OculusRift, From E:/Epic Games/4.14/Engine/Plugins/Runtime/OculusRift/OculusRift.uplugin
LogPluginManager: Loaded Plugin Oodle, From E:/Epic Games/4.14/Engine/Plugins/Runtime/PacketHandlers/CompressionComponents/Oodle/Oodle.uplugin
LogPluginManager: Loaded Plugin ProceduralMeshComponent, From E:/Epic Games/4.14/Engine/Plugins/Runtime/ProceduralMeshComponent/ProceduralMeshComponent.uplugin
LogPluginManager: Loaded Plugin SoundMod, From E:/Epic Games/4.14/Engine/Plugins/Runtime/SoundMod/SoundMod.uplugin
LogPluginManager: Loaded Plugin SoundVisualizations, From E:/Epic Games/4.14/Engine/Plugins/Runtime/SoundVisualizations/SoundVisualizations.uplugin
LogPluginManager: Loaded Plugin SteamController, From E:/Epic Games/4.14/Engine/Plugins/Runtime/Steam/SteamController/SteamController.uplugin
LogPluginManager: Loaded Plugin SteamVR, From E:/Epic Games/4.14/Engine/Plugins/Runtime/Steam/SteamVR/SteamVR.uplugin
LogPluginManager: Loaded Plugin WebBrowserWidget, From E:/Epic Games/4.14/Engine/Plugins/Runtime/WebBrowserWidget/WebBrowserWidget.uplugin
LogPluginManager: Loaded Plugin WindowsDeviceProfileSelector, From E:/Epic Games/4.14/Engine/Plugins/Runtime/WindowsDeviceProfileSelector/WindowsDeviceProfileSelector.uplugin
LogPluginManager: Loaded Plugin WindowsMoviePlayer, From E:/Epic Games/4.14/Engine/Plugins/Runtime/WindowsMoviePlayer/WindowsMoviePlayer.uplugin
LogPluginManager: Loaded Plugin ScriptPlugin, From E:/Epic Games/4.14/Engine/Plugins/ScriptPlugin/ScriptPlugin.uplugin
LogPluginManager: Loaded Plugin SlateRemote, From E:/Epic Games/4.14/Engine/Plugins/Slate/SlateRemote/SlateRemote.uplugin
LogPluginManager: Loaded Plugin EditorTests, From E:/Epic Games/4.14/Engine/Plugins/Tests/EditorTests/EditorTests.uplugin
LogPluginManager: Loaded Plugin FbxAutomationTestBuilder, From E:/Epic Games/4.14/Engine/Plugins/Tests/FbxAutomationTestBuilder/FbxAutomationTestBuilder.uplugin
LogPluginManager: Loaded Plugin FunctionalTestingEditor, From E:/Epic Games/4.14/Engine/Plugins/Tests/FunctionalTestingEditor/FunctionalTestingEditor.uplugin
LogPluginManager: Loaded Plugin RuntimeTests, From E:/Epic Games/4.14/Engine/Plugins/Tests/RuntimeTests/RuntimeTests.uplugin
LogPluginManager: Loaded Plugin ScreenshotTools, From E:/Epic Games/4.14/Engine/Plugins/Tests/ScreenshotTools/ScreenshotTools.uplugin
LogInit: Using libcurl 7.47.1
LogInit:  - built for x86_64-pc-win32
LogInit:  - supports SSL with OpenSSL/1.0.2g
LogInit:  - supports HTTP deflate (compression) using libz 1.2.8
LogInit:  - other features:
LogInit:      CURL_VERSION_SSL
LogInit:      CURL_VERSION_LIBZ
LogInit:      CURL_VERSION_IPV6
LogInit:      CURL_VERSION_ASYNCHDNS
LogInit:      CURL_VERSION_LARGEFILE
LogInit:      CURL_VERSION_IDN
LogInit:  CurlRequestOptions (configurable via config and command line):
LogInit:  - bVerifyPeer = false  - Libcurl will NOT verify peer certificate
LogInit:  - bUseHttpProxy = false  - Libcurl will NOT use HTTP proxy
LogInit:  - bDontReuseConnections = false  - Libcurl will reuse connections
LogInit:  - CertBundlePath = nullptr  - Libcurl will use whatever was configured at build time.
LogInit: Build: ++UE4+Release-4.14-CL-3249277
LogInit: Engine Version: 4.14.3-3249277+++UE4+Release-4.14
LogInit: Compatible Engine Version: 4.14.0-3195953+++UE4+Release-4.14
LogInit: Net CL: 3195953
LogDevObjectVersion: Number of dev versions registered: 13
LogDevObjectVersion:   Dev-Blueprints (B0D832E4-1F89-4F0D-ACCF-7EB736FD4AA2): 7
LogDevObjectVersion:   Dev-Build (E1C64328-A22C-4D53-A36C-8E866417BD8C): 0
LogDevObjectVersion:   Dev-Core (375EC13C-06E4-48FB-B500-84F0262A717E): 1
LogDevObjectVersion:   Dev-Editor (E4B068ED-F494-42E9-A231-DA0B2E46BB41): 8
LogDevObjectVersion:   Dev-Framework (CFFC743F-43B0-4480-9391-14DF171D2073): 17
LogDevObjectVersion:   Dev-Mobile (B02B49B5-BB20-44E9-A304-32B752E40360): 0
LogDevObjectVersion:   Dev-Networking (A4E4105C-59A1-49B5-A7C5-40C4547EDFEE): 0
LogDevObjectVersion:   Dev-Online (39C831C9-5AE6-47DC-9A44-9C173E1C8E7C): 0
LogDevObjectVersion:   Dev-Physics (78F01B33-EBEA-4F98-B9B4-84EACCB95AA2): 0
LogDevObjectVersion:   Dev-Platform (6631380F-2D4D-43E0-8009-CF276956A95A): 0
LogDevObjectVersion:   Dev-Rendering (12F88B9F-8875-4AFC-A67C-D90C383ABD29): 12
LogDevObjectVersion:   Dev-Sequencer (7B5AE74C-D270-4C10-A958-57980B212A5A): 1
LogDevObjectVersion:   Dev-VR (D7296918-1DD6-4BDD-9DE2-64A83CC13884): 0
LogInit: Compiled (64-bit): Jan  6 2017 10:49:43
LogInit: Compiled with Visual C++: 19.00.23026.00
LogInit: Build Configuration: Development
LogInit: Branch Name: ++UE4+Release-4.14
LogInit: Command line: -EpicPortal 
LogInit: Base directory: E:/Epic Games/4.14/Engine/Binaries/Win64/
LogInit: Installed Engine Build: 1
LogInit: Presizing for max 8388607 objects, including 0 objects not considered by GC, pre-allocating 0 bytes for permanent pool.
LogInit: Object subsystem initialized
[2017.03.22-05.35.07:030][  0]LogInit: Selected Device Profile: [Windows]
[2017.03.22-05.35.07:030][  0]LogInit: Applying CVar settings loaded from the selected device profile: [Windows]
[2017.03.22-05.35.07:168][  0]LogInit: Computer: LOKESHPC
[2017.03.22-05.35.07:168][  0]LogInit: User: Admin
[2017.03.22-05.35.07:168][  0]LogInit: CPU Page size=65536, Cores=4
[2017.03.22-05.35.07:168][  0]LogInit: High frequency timer resolution =3.124996 MHz
[2017.03.22-05.35.07:169][  0]LogMemory: Memory total: Physical=7.9GB (8GB approx)
[2017.03.22-05.35.07:169][  0]LogMemory: Platform Memory Stats for Windows
[2017.03.22-05.35.07:169][  0]LogMemory: Process Physical Memory: 264.20 MB used, 264.20 MB peak
[2017.03.22-05.35.07:169][  0]LogMemory: Process Virtual Memory: 262.62 MB used, 262.62 MB peak
[2017.03.22-05.35.07:169][  0]LogMemory: Physical Memory: 6434.04 MB used,  1643.16 MB free, 8077.20 MB total
[2017.03.22-05.35.07:169][  0]LogMemory: Virtual Memory: 675.54 MB used,  1643.16 MB free, 134217728.00 MB total
[2017.03.22-05.35.08:134][  0]LogTextLocalizationManager: No specific translations for ('en-US') exist, so ('en') translations will be used.
[2017.03.22-05.35.13:962][  0]LogD3D11RHI: D3D11 adapters:
[2017.03.22-05.35.14:984][  0]LogD3D11RHI:    0. 'NVIDIA GeForce GTX 750 Ti' (Feature Level 11_0)
[2017.03.22-05.35.14:984][  0]LogD3D11RHI:       2016/0/4038 MB DedicatedVideo/DedicatedSystem/SharedSystem, Outputs:2, VendorId:0x10de
[2017.03.22-05.35.14:994][  0]LogD3D11RHI:    1. 'Intel(R) HD Graphics 4600' (Feature Level 11_0)
[2017.03.22-05.35.14:994][  0]LogD3D11RHI:       112/0/2048 MB DedicatedVideo/DedicatedSystem/SharedSystem, Outputs:0, VendorId:0x8086
[2017.03.22-05.35.14:995][  0]LogD3D11RHI:    2. 'Microsoft Basic Render Driver' (Feature Level 11_0)
[2017.03.22-05.35.14:995][  0]LogD3D11RHI:       0/0/4038 MB DedicatedVideo/DedicatedSystem/SharedSystem, Outputs:0, VendorId:0x1414
[2017.03.22-05.35.14:995][  0]LogD3D11RHI: Chosen D3D11 Adapter: 0
[2017.03.22-05.35.15:000][  0]LogD3D11RHI: Creating new Direct3DDevice
[2017.03.22-05.35.15:000][  0]LogD3D11RHI:     GPU DeviceId: 0x1380 (for the marketing name, search the web for "GPU Device Id")
[2017.03.22-05.35.15:000][  0]LogWindows: EnumDisplayDevices:
[2017.03.22-05.35.15:000][  0]LogWindows:    0. 'NVIDIA GeForce GTX 750 Ti' (P:0 D:1)
[2017.03.22-05.35.15:000][  0]LogWindows:    1. 'NVIDIA GeForce GTX 750 Ti' (P:1 D:1)
[2017.03.22-05.35.15:000][  0]LogWindows:    2. 'NVIDIA GeForce GTX 750 Ti' (P:0 D:0)
[2017.03.22-05.35.15:000][  0]LogWindows:    3. 'NVIDIA GeForce GTX 750 Ti' (P:0 D:0)
[2017.03.22-05.35.15:000][  0]LogWindows:    4. 'Intel(R) HD Graphics 4600' (P:0 D:0)
[2017.03.22-05.35.15:001][  0]LogWindows:    5. 'Intel(R) HD Graphics 4600' (P:0 D:0)
[2017.03.22-05.35.15:001][  0]LogWindows:    6. 'Intel(R) HD Graphics 4600' (P:0 D:0)
[2017.03.22-05.35.15:001][  0]LogWindows: DebugString: PrimaryIsNotTheChoosenAdapter PrimaryIsNotTheChoosenAdapter PrimaryIsNotTheChoosenAdapter FoundDriverCount:4 
[2017.03.22-05.35.15:001][  0]LogD3D11RHI:     Adapter Name: NVIDIA GeForce GTX 750 Ti
[2017.03.22-05.35.15:001][  0]LogD3D11RHI:   Driver Version: 375.95 (internal:21.21.13.7595, unified:375.95)
[2017.03.22-05.35.15:001][  0]LogD3D11RHI:      Driver Date: 11-16-2016
[2017.03.22-05.35.15:001][  0]LogRHI: Texture pool is 1361 MB (70% of 1945 MB)
[2017.03.22-05.35.15:695][  0]LogD3D11RHI: Async texture creation enabled
[2017.03.22-05.35.15:872][  0]LogD3D11RHI: GPU Timing Frequency: 1000.000000 (Debug: 2 1)
[2017.03.22-05.35.15:873][  0]LogShaderCompilers: Guid format shader working directory is -12 characters bigger than the processId version (../../../../../Lokesh Basu/GitHub/Unreal/BatteryCollector/Intermediate/Shaders/WorkingDirectory/15532/).
[2017.03.22-05.35.15:873][  0]LogShaderCompilers: Cleaned the shader compiler working directory 'C:/Users/Admin/AppData/Local/Temp/UnrealShaderWorkingDir/2AEA0A9E4403F37F0B0E77909DB5F980/'.
[2017.03.22-05.35.15:873][  0]LogShaderCompilers:Display: Using Local Shader Compiler.
[2017.03.22-05.35.22:809][  0]LogTemp:Display: Loaded TP AllDesktopTargetPlatform
[2017.03.22-05.35.22:907][  0]LogTemp:Display: Loaded TP MacClientTargetPlatform
[2017.03.22-05.35.22:957][  0]LogTemp:Display: Loaded TP MacNoEditorTargetPlatform
[2017.03.22-05.35.23:009][  0]LogTemp:Display: Loaded TP MacServerTargetPlatform
[2017.03.22-05.35.23:098][  0]LogTemp:Display: Loaded TP MacTargetPlatform
[2017.03.22-05.35.23:162][  0]LogTemp:Display: Loaded TP WindowsClientTargetPlatform
[2017.03.22-05.35.23:222][  0]LogTemp:Display: Loaded TP WindowsNoEditorTargetPlatform
[2017.03.22-05.35.23:452][  0]LogTemp:Display: Loaded TP WindowsServerTargetPlatform
[2017.03.22-05.35.23:570][  0]LogTemp:Display: Loaded TP WindowsTargetPlatform
[2017.03.22-05.35.23:692][  0]LogTemp:Display: Loaded TP AndroidTargetPlatform
[2017.03.22-05.35.23:765][  0]LogTemp:Display: Loaded TP Android_ASTCTargetPlatform
[2017.03.22-05.35.23:847][  0]LogTemp:Display: Loaded TP Android_ATCTargetPlatform
[2017.03.22-05.35.23:901][  0]LogTemp:Display: Loaded TP Android_DXTTargetPlatform
[2017.03.22-05.35.23:997][  0]LogTemp:Display: Loaded TP Android_ETC1TargetPlatform
[2017.03.22-05.35.24:098][  0]LogTemp:Display: Loaded TP Android_ETC2TargetPlatform
[2017.03.22-05.35.24:290][  0]LogTemp:Display: Loaded TP Android_MultiTargetPlatform
[2017.03.22-05.35.24:290][  0]LogTemp:Display: Loaded TP Android_PVRTCTargetPlatform
[2017.03.22-05.35.24:329][  0]LogTemp:Display: Loaded TP HTML5TargetPlatform
[2017.03.22-05.35.24:500][  0]LogTemp:Display: Loaded TP IOSTargetPlatform
[2017.03.22-05.35.24:532][  0]LogTemp:Display: Loaded TP TVOSTargetPlatform
[2017.03.22-05.35.24:632][  0]LogTemp:Display: Loaded TP LinuxClientTargetPlatform
[2017.03.22-05.35.24:743][  0]LogTemp:Display: Loaded TP LinuxNoEditorTargetPlatform
[2017.03.22-05.35.24:854][  0]LogTemp:Display: Loaded TP LinuxServerTargetPlatform
[2017.03.22-05.35.24:996][  0]LogTemp:Display: Loaded TP LinuxTargetPlatform
[2017.03.22-05.35.24:996][  0]LogTargetPlatformManager:Display: Building Assets For Windows
[2017.03.22-05.35.27:274][  0]LogDerivedDataCache:Display: Max Cache Size: 512 MB
[2017.03.22-05.35.27:831][  0]LogDerivedDataCache: Loaded boot cache 0.56s 50MB C:/Users/Admin/AppData/Local/UnrealEngine/4.14/DerivedDataCache/Boot.ddc.
[2017.03.22-05.35.27:831][  0]LogDerivedDataCache:Display: Loaded Boot cache: C:/Users/Admin/AppData/Local/UnrealEngine/4.14/DerivedDataCache/Boot.ddc
[2017.03.22-05.35.27:831][  0]LogDerivedDataCache: FDerivedDataBackendGraph:  Pak pak cache file ../../../../../Lokesh Basu/GitHub/Unreal/BatteryCollector/DerivedDataCache/DDC.ddp not found, will not use a pak cache.
[2017.03.22-05.35.27:831][  0]LogDerivedDataCache: Unable to find inner node Pak for hierarchical cache Hierarchy.
[2017.03.22-05.35.27:831][  0]LogDerivedDataCache: FDerivedDataBackendGraph:  CompressedPak pak cache file ../../../../../Lokesh Basu/GitHub/Unreal/BatteryCollector/DerivedDataCache/Compressed.ddp not found, will not use a pak cache.
[2017.03.22-05.35.27:831][  0]LogDerivedDataCache: Unable to find inner node CompressedPak for hierarchical cache Hierarchy.
[2017.03.22-05.35.27:850][  0]LogDerivedDataCache:Display: Pak cache opened for reading ../../../Engine/DerivedDataCache/Compressed.ddp.
[2017.03.22-05.35.27:862][  0]LogDerivedDataCache: Using Local data cache path C:/Users/Admin/AppData/Local/UnrealEngine/Common/DerivedDataCache: Writable
[2017.03.22-05.35.34:966][  0]LogInit: Selected Device Profile: [Windows]
[2017.03.22-05.35.34:979][  0]LogContentStreaming: Texture pool size is 0.00 MB
[2017.03.22-05.35.35:294][  0]LogMeshUtilities: Using QuadricMeshReduction for automatic static mesh reduction
[2017.03.22-05.35.35:356][  0]LogSimplygon: Simplygon DLL not present - disabling.
[2017.03.22-05.35.35:401][  0]LogMeshUtilities: Using SimplygonSwarm for distributed automatic mesh merging
[2017.03.22-05.35.35:401][  0]LogMeshUtilities: No automatic skeletal mesh reduction module available
[2017.03.22-05.35.35:401][  0]LogMeshUtilities: No automatic mesh merging module available
[2017.03.22-05.35.37:715][  0]LogNetVersion: GetLocalNetworkVersion: CL: 3195953, ProjectName: batterycollector, ProjectVersion: , EngineNetworkVersion: 2, GameNetworkVersion: 0, NetworkChecksum: 3220474376
[2017.03.22-05.35.37:949][  0]LogAssetRegistry: FAssetRegistry took 0.0216 seconds to start up
[2017.03.22-05.35.37:993][  0]LogPackageLocalizationCache: Processed 3 localized package path(s) for 2 prioritized culture(s) in 0.029519 seconds
[2017.03.22-05.35.37:998][  0]LogUObjectArray: 31946 objects as part of root set at end of initial load.
[2017.03.22-05.35.37:998][  0]LogUObjectAllocator: 6935840 out of 0 bytes used by permanent object pool.
[2017.03.22-05.35.37:998][  0]LogUObjectArray: CloseDisregardForGC: 0/0 objects in disregard for GC pool
[2017.03.22-05.35.38:076][  0]LogInit: WinSock: version 1.1 (2.2), MaxSocks=32767, MaxUdp=65467
[2017.03.22-05.35.41:426][  0]LogSlate: Using Freetype 2.6.0
[2017.03.22-05.35.41:500][  0]LogSlate: SlateFontCache - WITH_FREETYPE: 1, WITH_HARFBUZZ: 1
[2017.03.22-05.35.41:500][  0]LogSlate: SlateFontCache - WITH_FREETYPE: 1, WITH_HARFBUZZ: 1
[2017.03.22-05.36.15:759][  0]LogSubstanceCoreModule: Substance CPU Engine Loaded, Max Texture Size 2048
[2017.03.22-05.36.15:821][  0]LogTcpMessaging: Initializing TcpMessaging bridge
[2017.03.22-05.36.15:882][  0]LogUdpMessaging: Initializing bridge on interface 0.0.0.0:0 to multicast group 230.0.0.1:6666.
[2017.03.22-05.36.19:623][  0]LogTexture:Display: Building textures: T_ML_Rubber_Blue_01_D (AutoDXT)
[2017.03.22-05.36.19:939][  0]LogTexture:Display: Building textures: T_ML_Rubber_Blue_01_N (BC5)
[2017.03.22-05.36.20:076][  0]LogTexture:Display: Building textures: T_ML_Aluminum01 (AutoDXT)
[2017.03.22-05.36.20:399][  0]LogTexture:Display: Building textures: T_ML_Aluminum01_N (BC5)
[2017.03.22-05.36.20:505][  0]LogTexture:Display: Building textures: UE4Man_Logo_N (BC5)
[2017.03.22-05.36.21:386][  0]LogMaterial: Uniform references updated for custom material expression Custom.
[2017.03.22-05.36.22:312][  0]SourceControl: Info Source control is disabled
[2017.03.22-05.36.23:000][  0]SourceControl: Info Source control is disabled
[2017.03.22-05.36.23:084][  0]SourceControl: Info Source control is disabled
[2017.03.22-05.36.23:136][  0]SourceControl: Info Source control is disabled
[2017.03.22-05.36.25:546][  0]LogEngine: Initializing Engine...
[2017.03.22-05.36.27:101][  0]LogHMD: Failed to initialize OpenVR with code 126
[2017.03.22-05.36.28:536][  0]LogAIModule: Creating AISystem for world Untitled
[2017.03.22-05.36.28:548][  0]LogInit: XAudio2 using 'Headphones (High Definition Audio Device)' : 2 channels at 44.1 kHz using 16 bits per sample (channel mask 0x3)
[2017.03.22-05.36.28:558][  0]LogInit: FAudioDevice initialized.
[2017.03.22-05.36.28:591][  0]LogDerivedDataCache: Saved boot cache 0.03s 52MB C:/Users/Admin/AppData/Local/UnrealEngine/4.14/DerivedDataCache/Boot.ddc.
[2017.03.22-05.36.28:600][  0]LogInit: Texture streaming: Enabled
[2017.03.22-05.36.29:173][  0]LogInit: Transaction tracking system initialized
[2017.03.22-05.36.29:728][  0]BlueprintLog: New page: Editor Load
[2017.03.22-05.36.31:734][  0]LocalizationService: Info Localization service is disabled
[2017.03.22-05.36.34:161][  0]LogConsoleResponse:Display: 
[2017.03.22-05.36.36:597][  0]LogCook:Display: Max memory allowance for cook 16384mb min free memory 0mb
[2017.03.22-05.36.36:597][  0]LogCook:Display: Mobile HDR setting 1
[2017.03.22-05.36.37:276][  0]LogFileCache: Scanning file cache for directory 'E:/Lokesh Basu/GitHub/Unreal/BatteryCollector/Content/' took 0.01s
[2017.03.22-05.36.40:286][  0]SourceControl: Info Source control is disabled
[2017.03.22-05.36.40:287][  0]Cmd: MAP LOAD FILE="../../../../../Lokesh Basu/GitHub/Unreal/BatteryCollector/Content/ThirdPersonCPP/Maps/ThirdPersonExampleMap.umap" TEMPLATE=0 SHOWPROGRESS=1 FEATURELEVEL=3
[2017.03.22-05.36.40:301][  0]LightingResults: New page: Lighting Build
[2017.03.22-05.36.40:333][  0]MapCheck: New page: Map Check
[2017.03.22-05.36.40:333][  0]LightingResults: New page: Lighting Build
[2017.03.22-05.36.41:289][  0]LogTexture:Display: Building textures: HQ_Lightmap0_1 (AutoDXT)
[2017.03.22-05.36.41:902][  0]LogTexture:Display: Building textures: HQ_Lightmap0_2 (AutoDXT)
[2017.03.22-05.36.42:070][  0]LogTexture:Display: Building textures: HQ_Lightmap0_3 (AutoDXT)
[2017.03.22-05.36.42:195][  0]LogTexture:Display: Building textures: LQ_Lightmap_0_1 (DXT1)
[2017.03.22-05.36.42:378][  0]LogTexture:Display: Building textures: LQ_Lightmap_0_2 (DXT1)
[2017.03.22-05.36.42:436][  0]LogTexture:Display: Building textures: LQ_Lightmap_0_3 (DXT1)
[2017.03.22-05.36.42:449][  0]LogTexture:Display: Building textures: SkyOcclusion0_1 (AutoDXT)
[2017.03.22-05.36.42:732][  0]LogTexture:Display: Building textures: SkyOcclusion0_2 (AutoDXT)
[2017.03.22-05.36.42:796][  0]LogTexture:Display: Building textures: SkyOcclusion0_3 (AutoDXT)
[2017.03.22-05.36.42:805][  0]LogTexture:Display: Building textures: ShadowMapTexture2D_0 (G8)
[2017.03.22-05.36.42:897][  0]LogTexture:Display: Building textures: ShadowMapTexture2D_1 (G8)
[2017.03.22-05.36.42:977][  0]LogAIModule: Creating AISystem for world ThirdPersonExampleMap
[2017.03.22-05.36.43:774][  0]LogEditorServer: Finished looking for orphan Actors (0.000 secs)
[2017.03.22-05.36.43:804][  0]Cmd: MAP CHECKDEP NOCLEARLOG
[2017.03.22-05.36.43:842][  0]MapCheck: Info Map check complete: 0 Error(s), 0 Warning(s), took 37.817ms to complete.
[2017.03.22-05.36.43:842][  0]LogFileHelpers: Loading map 'ThirdPersonExampleMap' took 3.555
[2017.03.22-05.36.44:344][  0]LogCollectionManager: Loaded 0 collections in 0.000950 seconds
[2017.03.22-05.36.44:642][  0]LogFileCache: Scanning file cache for directory 'E:/Lokesh Basu/GitHub/Unreal/BatteryCollector/Saved/Collections/' took 0.01s
[2017.03.22-05.36.44:642][  0]LogFileCache: Scanning file cache for directory 'E:/Lokesh Basu/GitHub/Unreal/BatteryCollector/Content/Developers/Admin/Collections/' took 0.01s
[2017.03.22-05.36.44:642][  0]LogFileCache: Scanning file cache for directory 'E:/Lokesh Basu/GitHub/Unreal/BatteryCollector/Content/Collections/' took 0.01s
[2017.03.22-05.36.44:642][  0]LogCollectionManager: Rebuilt the GUID cache for 0 collections in 0.000002 seconds
[2017.03.22-05.36.44:669][  0]LogContentBrowser: Native class hierarchy populated in 0.0112 seconds. Added 2207 classes and 436 folders.
[2017.03.22-05.36.44:831][  0]LogStats: UGameplayTagsManager::ConstructGameplayTagTree: Construct from data asset -  0.000 s
[2017.03.22-05.36.44:831][  0]LogStats: UGameplayTagsManager::ConstructGameplayTagTree: GameplayTagTreeChangedEvent.Broadcast -  0.000 s
[2017.03.22-05.36.44:833][  0]LogContentBrowser: Native class hierarchy updated for 'GameplayTags' in 0.0012 seconds. Added 13 classes and 0 folders.
[2017.03.22-05.36.44:883][  0]LogContentBrowser: Native class hierarchy updated for 'WidgetCarousel' in 0.0010 seconds. Added 0 classes and 0 folders.
[2017.03.22-05.36.45:813][  0]LogContentBrowser: Native class hierarchy updated for 'AddContentDialog' in 0.0011 seconds. Added 0 classes and 0 folders.
[2017.03.22-05.36.46:391][  0]LogContentBrowser: Native class hierarchy updated for 'SceneOutliner' in 0.0012 seconds. Added 1 classes and 2 folders.
[2017.03.22-05.36.47:018][  0]LogCrashTracker: Crashtracker disabled due to settings.
[2017.03.22-05.36.47:218][  0]LogUObjectGlobals:Warning: Failed to find object 'Class None.'
[2017.03.22-05.36.47:322][  0]LogContentBrowser: Native class hierarchy updated for 'HierarchicalLODOutliner' in 0.0011 seconds. Added 1 classes and 2 folders.
[2017.03.22-05.36.47:322][  0]LogLoad: (Engine Initialization) Total time: 104.59 seconds
[2017.03.22-05.36.47:322][  0]LogLoad: (Engine Initialization) Total Blueprint compile time: 1.00 seconds
[2017.03.22-05.36.47:322][  0]LogExternalProfiler: Found external profiler: VSPerf
[2017.03.22-05.36.47:322][  0]LogExternalProfiler: Using external profiler: VSPerf
[2017.03.22-05.36.47:664][  0]LogOcInput: OculusInput pre-init called
[2017.03.22-05.36.47:898][  0]LogContentStreaming: Texture pool size now 3000 MB
[2017.03.22-05.36.48:811][  0]LogRenderer: Reallocating scene render targets to support 1184x924 NumSamples 1 (Frame:2).
[2017.03.22-05.36.49:962][  2]LogAssetRegistry: Asset discovery search completed in 72.0339 seconds
[2017.03.22-05.36.49:962][  2]LogCollectionManager: Rebuilt the object cache for 0 collections in 0.000001 seconds (found 0 objects)
[2017.03.22-05.36.49:962][  2]LogCollectionManager: Fixed up redirectors for 0 collections in 0.000014 seconds (updated 0 objects)
[2017.03.22-05.37.15:119][763]LogRenderer: Reallocating scene render targets to support 1500x924 NumSamples 1 (Frame:1225).
[2017.03.22-05.37.40:144][172]LogTemp: Repeting last play command: Selected Viewport
[2017.03.22-05.37.40:172][172]LogBlueprintUserMessages: Early PlayInEditor Detection: Level '/Game/ThirdPersonCPP/Maps/ThirdPersonExampleMap.ThirdPersonExampleMap:PersistentLevel' has LevelScriptBlueprint '/Game/ThirdPersonCPP/Maps/ThirdPersonExampleMap.ThirdPersonExampleMap:PersistentLevel.ThirdPersonExampleMap' with GeneratedClass '/Game/ThirdPersonCPP/Maps/ThirdPersonExampleMap.ThirdPersonExampleMap_C' with ClassGeneratedBy '/Game/ThirdPersonCPP/Maps/ThirdPersonExampleMap.ThirdPersonExampleMap:PersistentLevel.ThirdPersonExampleMap'
[2017.03.22-05.37.40:210][172]LogPlayLevel: PlayLevel: No blueprints needed recompiling
[2017.03.22-05.37.40:336][172]PIE: New page: PIE session: ThirdPersonExampleMap (Mar 22, 2017, 4:37:40 PM)
[2017.03.22-05.37.40:342][172]LogPlayLevel: Creating play world package: /Game/ThirdPersonCPP/Maps/UEDPIE_0_ThirdPersonExampleMap
[2017.03.22-05.37.40:540][172]LogPlayLevel: PIE: StaticDuplicateObject took: (0.197755s)
[2017.03.22-05.37.40:541][172]LogAIModule: Creating AISystem for world ThirdPersonExampleMap
[2017.03.22-05.37.40:662][172]LogPlayLevel: PIE: World Init took: (0.121359s)
[2017.03.22-05.37.40:662][172]LogPlayLevel: PIE: Created PIE world by copying editor world from /Game/ThirdPersonCPP/Maps/ThirdPersonExampleMap.ThirdPersonExampleMap to /Game/ThirdPersonCPP/Maps/UEDPIE_0_ThirdPersonExampleMap.ThirdPersonExampleMap (0.319634s)
[2017.03.22-05.37.40:748][172]LogInit: XAudio2 using 'Headphones (High Definition Audio Device)' : 2 channels at 44.1 kHz using 16 bits per sample (channel mask 0x3)
[2017.03.22-05.37.40:769][172]LogInit: FAudioDevice initialized.
[2017.03.22-05.37.40:934][172]LogLoad: Game class is 'BatteryCollectorGameMode'
[2017.03.22-05.37.41:090][172]LogWorld: Bringing World /Game/ThirdPersonCPP/Maps/UEDPIE_0_ThirdPersonExampleMap.ThirdPersonExampleMap up for play (max tick rate 0) at 2017.03.22-11.07.41
[2017.03.22-05.37.41:125][172]LogWorld: Bringing up level for play took: 0.049806
[2017.03.22-05.37.41:273][172]LogContentBrowser: Native class hierarchy updated for 'MovieSceneCapture' in 0.0012 seconds. Added 11 classes and 0 folders.
[2017.03.22-05.37.41:290][172]PIE: Info Play in editor start time for /Game/ThirdPersonCPP/Maps/UEDPIE_0_ThirdPersonExampleMap 0.839
[2017.03.22-05.37.41:290][172]LogBlueprintUserMessages: Late PlayInEditor Detection: Level '/Game/ThirdPersonCPP/Maps/ThirdPersonExampleMap.ThirdPersonExampleMap:PersistentLevel' has LevelScriptBlueprint '/Game/ThirdPersonCPP/Maps/ThirdPersonExampleMap.ThirdPersonExampleMap:PersistentLevel.ThirdPersonExampleMap' with GeneratedClass '/Game/ThirdPersonCPP/Maps/ThirdPersonExampleMap.ThirdPersonExampleMap_C' with ClassGeneratedBy '/Game/ThirdPersonCPP/Maps/ThirdPersonExampleMap.ThirdPersonExampleMap:PersistentLevel.ThirdPersonExampleMap'
[2017.03.22-05.38.10:662][565]LogBlueprintUserMessages: Early EndPlayMap Detection: Level '/Game/ThirdPersonCPP/Maps/ThirdPersonExampleMap.ThirdPersonExampleMap:PersistentLevel' has LevelScriptBlueprint '/Game/ThirdPersonCPP/Maps/ThirdPersonExampleMap.ThirdPersonExampleMap:PersistentLevel.ThirdPersonExampleMap' with GeneratedClass '/Game/ThirdPersonCPP/Maps/ThirdPersonExampleMap.ThirdPersonExampleMap_C' with ClassGeneratedBy '/Game/ThirdPersonCPP/Maps/ThirdPersonExampleMap.ThirdPersonExampleMap:PersistentLevel.ThirdPersonExampleMap'
[2017.03.22-05.38.11:525][565]LogBlueprintUserMessages: Late EndPlayMap Detection: Level '/Game/ThirdPersonCPP/Maps/ThirdPersonExampleMap.ThirdPersonExampleMap:PersistentLevel' has LevelScriptBlueprint '/Game/ThirdPersonCPP/Maps/ThirdPersonExampleMap.ThirdPersonExampleMap:PersistentLevel.ThirdPersonExampleMap' with GeneratedClass '/Game/ThirdPersonCPP/Maps/ThirdPersonExampleMap.ThirdPersonExampleMap_C' with ClassGeneratedBy '/Game/ThirdPersonCPP/Maps/ThirdPersonExampleMap.ThirdPersonExampleMap:PersistentLevel.ThirdPersonExampleMap'
